Arguments: 
  C:\Program Files\nodejs\node.exe C:\Users\WINDOWS\AppData\Roaming\npm\node_modules\yarn\bin\yarn.js add url-loader -D

PATH: 
  C:\Program Files (x86)\Intel\Intel(R) Management Engine Components\iCLS\;C:\Program Files\Intel\Intel(R) Management Engine Components\iCLS\;C:\Windows\system32;C:\Windows;C:\Windows\System32\Wbem;C:\Windows\System32\WindowsPowerShell\v1.0\;C:\Windows\System32\OpenSSH\;C:\Program Files (x86)\Intel\Intel(R) Management Engine Components\DAL;C:\Program Files\Intel\Intel(R) Management Engine Components\DAL;C:\Program Files (x86)\Intel\Intel(R) Management Engine Components\IPT;C:\Program Files\Intel\Intel(R) Management Engine Components\IPT;C:\Program Files (x86)\NVIDIA Corporation\PhysX\Common;C:\WINDOWS\system32;C:\WINDOWS;C:\WINDOWS\System32\Wbem;C:\WINDOWS\System32\WindowsPowerShell\v1.0\;C:\WINDOWS\System32\OpenSSH\;C:\Program Files\Intel\WiFi\bin\;C:\Program Files\Common Files\Intel\WirelessCommon\;C:\Program Files\Git\cmd;C:\Program Files\nodejs\;C:\Program Files (x86)\GtkSharp\2.12\bin;C:\Users\WINDOWS\AppData\Roaming\npm;C:\Users\WINDOWS\AppData\Local\Microsoft\WindowsApps;C:\Program Files\Intel\WiFi\bin\;C:\Program Files\Common Files\Intel\WirelessCommon\;C:\Users\WINDOWS\AppData\Roaming\npm;D:\Fiddler;C:\Users\WINDOWS\AppData\Local\GitHubDesktop\bin;D:\Microsoft VS Code\bin

Yarn version: 
  1.22.0

Node version: 
  10.16.3

Platform: 
  win32 x64

Trace: 
  Error: connect ETIMEDOUT 104.16.27.35:443
      at TCPConnectWrap.afterConnect [as oncomplete] (net.js:1106:14)

npm manifest: 
  {
    "name": "webpack-cli",
    "version": "1.0.0",
    "description": "",
    "main": "index.js",
    "bin": {
      "bxmiv": "./bin/index.js"
    },
    "keywords": [],
    "author": "",
    "license": "ISC",
    "sideEffects": [
      "**/*.css"
    ],
    "dependencies": {  
    },
    "devDependencies": {
      "autoprefixer": "^9.8.6",
      "clean-webpack-plugin": "^3.0.0",
      "commander": "^4.1.1",
      "express": "^4.17.1",
      "node-sass": "^4.14.1",
      "opn": "^6.0.0",
      "postcss-loader": "^3.0.0",
      "sass-loader": "^9.0.2",
      "webpack": "^4.41.6",
      "webpack-dev-middleware": "^3.7.2",
      "babel-loader": "^8.1.0",
      "@babel/core": "^7.11.1",
      "@babel/plugin-proposal-class-properties": "^7.10.4",
      "@babel/plugin-proposal-decorators": "^7.10.5",
      "@babel/plugin-transform-runtime": "^7.11.0",
      "@babel/preset-env": "^7.11.0",
      "args": "^5.0.1", 
      "chalk": "^3.0.0",
      "css-loader": "^3.4.2",
      "figlet": "^1.3.0",
      "glob": "^7.1.6", 
      "html-webpack-plugin": "^3.2.0",
      "mini-css-extract-plugin": "^0.9.0",
      "style-loader": "^1.1.3"
    }
  }

yarn manifest: 
  No manifest

Lockfile: 
  No lockfile
